Error: Cannot find module 'winston'
Require stack:
- /home/gareevk/express-mesto-gha/middlewares/logger.js
- /home/gareevk/express-mesto-gha/app.js
    at Function.Module._resolveFilename (node:internal/modules/cjs/loader:933:15)
    at Module.Hook._require.Module.require (/usr/lib/node_modules/pm2/node_modules/require-in-the-middle/index.js:61:29)
    at require (node:internal/modules/cjs/helpers:102:18)
    at Object.<anonymous> (/home/gareevk/express-mesto-gha/middlewares/logger.js:1:17)
    at Module._compile (node:internal/modules/cjs/loader:1105:14)
    at Object.Module._extensions..js (node:internal/modules/cjs/loader:1159:10)
    at Module.load (node:internal/modules/cjs/loader:981:32)
    at Function.Module._load (node:internal/modules/cjs/loader:822:12)
    at Module.require (node:internal/modules/cjs/loader:1005:19)
    at Module.Hook._require.Module.require (/usr/lib/node_modules/pm2/node_modules/require-in-the-middle/index.js:80:39) {
  code: 'MODULE_NOT_FOUND',
  requireStack: [
    '/home/gareevk/express-mesto-gha/middlewares/logger.js',
    '/home/gareevk/express-mesto-gha/app.js'
  ]
}
Error: Cannot find module 'winston'
Require stack:
- /home/gareevk/express-mesto-gha/middlewares/logger.js
- /home/gareevk/express-mesto-gha/app.js
    at Function.Module._resolveFilename (node:internal/modules/cjs/loader:933:15)
    at Module.Hook._require.Module.require (/usr/lib/node_modules/pm2/node_modules/require-in-the-middle/index.js:61:29)
    at require (node:internal/modules/cjs/helpers:102:18)
    at Object.<anonymous> (/home/gareevk/express-mesto-gha/middlewares/logger.js:1:17)
    at Module._compile (node:internal/modules/cjs/loader:1105:14)
    at Object.Module._extensions..js (node:internal/modules/cjs/loader:1159:10)
    at Module.load (node:internal/modules/cjs/loader:981:32)
    at Function.Module._load (node:internal/modules/cjs/loader:822:12)
    at Module.require (node:internal/modules/cjs/loader:1005:19)
    at Module.Hook._require.Module.require (/usr/lib/node_modules/pm2/node_modules/require-in-the-middle/index.js:80:39) {
  code: 'MODULE_NOT_FOUND',
  requireStack: [
    '/home/gareevk/express-mesto-gha/middlewares/logger.js',
    '/home/gareevk/express-mesto-gha/app.js'
  ]
}
Error: Cannot find module 'winston'
Require stack:
- /home/gareevk/express-mesto-gha/middlewares/logger.js
- /home/gareevk/express-mesto-gha/app.js
    at Function.Module._resolveFilename (node:internal/modules/cjs/loader:933:15)
    at Module.Hook._require.Module.require (/usr/lib/node_modules/pm2/node_modules/require-in-the-middle/index.js:61:29)
    at require (node:internal/modules/cjs/helpers:102:18)
    at Object.<anonymous> (/home/gareevk/express-mesto-gha/middlewares/logger.js:1:17)
    at Module._compile (node:internal/modules/cjs/loader:1105:14)
    at Object.Module._extensions..js (node:internal/modules/cjs/loader:1159:10)
    at Module.load (node:internal/modules/cjs/loader:981:32)
    at Function.Module._load (node:internal/modules/cjs/loader:822:12)
    at Module.require (node:internal/modules/cjs/loader:1005:19)
    at Module.Hook._require.Module.require (/usr/lib/node_modules/pm2/node_modules/require-in-the-middle/index.js:80:39) {
  code: 'MODULE_NOT_FOUND',
  requireStack: [
    '/home/gareevk/express-mesto-gha/middlewares/logger.js',
    '/home/gareevk/express-mesto-gha/app.js'
  ]
}
Error: Cannot find module 'winston'
Require stack:
- /home/gareevk/express-mesto-gha/middlewares/logger.js
- /home/gareevk/express-mesto-gha/app.js
    at Function.Module._resolveFilename (node:internal/modules/cjs/loader:933:15)
    at Module.Hook._require.Module.require (/usr/lib/node_modules/pm2/node_modules/require-in-the-middle/index.js:61:29)
    at require (node:internal/modules/cjs/helpers:102:18)
    at Object.<anonymous> (/home/gareevk/express-mesto-gha/middlewares/logger.js:1:17)
    at Module._compile (node:internal/modules/cjs/loader:1105:14)
    at Object.Module._extensions..js (node:internal/modules/cjs/loader:1159:10)
    at Module.load (node:internal/modules/cjs/loader:981:32)
    at Function.Module._load (node:internal/modules/cjs/loader:822:12)
    at Module.require (node:internal/modules/cjs/loader:1005:19)
    at Module.Hook._require.Module.require (/usr/lib/node_modules/pm2/node_modules/require-in-the-middle/index.js:80:39) {
  code: 'MODULE_NOT_FOUND',
  requireStack: [
    '/home/gareevk/express-mesto-gha/middlewares/logger.js',
    '/home/gareevk/express-mesto-gha/app.js'
  ]
}
Error: Cannot find module 'winston'
Require stack:
- /home/gareevk/express-mesto-gha/middlewares/logger.js
- /home/gareevk/express-mesto-gha/app.js
    at Function.Module._resolveFilename (node:internal/modules/cjs/loader:933:15)
    at Module.Hook._require.Module.require (/usr/lib/node_modules/pm2/node_modules/require-in-the-middle/index.js:61:29)
    at require (node:internal/modules/cjs/helpers:102:18)
    at Object.<anonymous> (/home/gareevk/express-mesto-gha/middlewares/logger.js:1:17)
    at Module._compile (node:internal/modules/cjs/loader:1105:14)
    at Object.Module._extensions..js (node:internal/modules/cjs/loader:1159:10)
    at Module.load (node:internal/modules/cjs/loader:981:32)
    at Function.Module._load (node:internal/modules/cjs/loader:822:12)
    at Module.require (node:internal/modules/cjs/loader:1005:19)
    at Module.Hook._require.Module.require (/usr/lib/node_modules/pm2/node_modules/require-in-the-middle/index.js:80:39) {
  code: 'MODULE_NOT_FOUND',
  requireStack: [
    '/home/gareevk/express-mesto-gha/middlewares/logger.js',
    '/home/gareevk/express-mesto-gha/app.js'
  ]
}
Error: Cannot find module 'winston'
Require stack:
- /home/gareevk/express-mesto-gha/middlewares/logger.js
- /home/gareevk/express-mesto-gha/app.js
    at Function.Module._resolveFilename (node:internal/modules/cjs/loader:933:15)
    at Module.Hook._require.Module.require (/usr/lib/node_modules/pm2/node_modules/require-in-the-middle/index.js:61:29)
    at require (node:internal/modules/cjs/helpers:102:18)
    at Object.<anonymous> (/home/gareevk/express-mesto-gha/middlewares/logger.js:1:17)
    at Module._compile (node:internal/modules/cjs/loader:1105:14)
    at Object.Module._extensions..js (node:internal/modules/cjs/loader:1159:10)
    at Module.load (node:internal/modules/cjs/loader:981:32)
    at Function.Module._load (node:internal/modules/cjs/loader:822:12)
    at Module.require (node:internal/modules/cjs/loader:1005:19)
    at Module.Hook._require.Module.require (/usr/lib/node_modules/pm2/node_modules/require-in-the-middle/index.js:80:39) {
  code: 'MODULE_NOT_FOUND',
  requireStack: [
    '/home/gareevk/express-mesto-gha/middlewares/logger.js',
    '/home/gareevk/express-mesto-gha/app.js'
  ]
}
Error: Cannot find module 'winston'
Require stack:
- /home/gareevk/express-mesto-gha/middlewares/logger.js
- /home/gareevk/express-mesto-gha/app.js
    at Function.Module._resolveFilename (node:internal/modules/cjs/loader:933:15)
    at Module.Hook._require.Module.require (/usr/lib/node_modules/pm2/node_modules/require-in-the-middle/index.js:61:29)
    at require (node:internal/modules/cjs/helpers:102:18)
    at Object.<anonymous> (/home/gareevk/express-mesto-gha/middlewares/logger.js:1:17)
    at Module._compile (node:internal/modules/cjs/loader:1105:14)
    at Object.Module._extensions..js (node:internal/modules/cjs/loader:1159:10)
    at Module.load (node:internal/modules/cjs/loader:981:32)
    at Function.Module._load (node:internal/modules/cjs/loader:822:12)
    at Module.require (node:internal/modules/cjs/loader:1005:19)
    at Module.Hook._require.Module.require (/usr/lib/node_modules/pm2/node_modules/require-in-the-middle/index.js:80:39) {
  code: 'MODULE_NOT_FOUND',
  requireStack: [
    '/home/gareevk/express-mesto-gha/middlewares/logger.js',
    '/home/gareevk/express-mesto-gha/app.js'
  ]
}
Error: Cannot find module 'winston'
Require stack:
- /home/gareevk/express-mesto-gha/middlewares/logger.js
- /home/gareevk/express-mesto-gha/app.js
    at Function.Module._resolveFilename (node:internal/modules/cjs/loader:933:15)
    at Module.Hook._require.Module.require (/usr/lib/node_modules/pm2/node_modules/require-in-the-middle/index.js:61:29)
    at require (node:internal/modules/cjs/helpers:102:18)
    at Object.<anonymous> (/home/gareevk/express-mesto-gha/middlewares/logger.js:1:17)
    at Module._compile (node:internal/modules/cjs/loader:1105:14)
    at Object.Module._extensions..js (node:internal/modules/cjs/loader:1159:10)
    at Module.load (node:internal/modules/cjs/loader:981:32)
    at Function.Module._load (node:internal/modules/cjs/loader:822:12)
    at Module.require (node:internal/modules/cjs/loader:1005:19)
    at Module.Hook._require.Module.require (/usr/lib/node_modules/pm2/node_modules/require-in-the-middle/index.js:80:39) {
  code: 'MODULE_NOT_FOUND',
  requireStack: [
    '/home/gareevk/express-mesto-gha/middlewares/logger.js',
    '/home/gareevk/express-mesto-gha/app.js'
  ]
}
Error: Cannot find module 'winston'
Require stack:
- /home/gareevk/express-mesto-gha/middlewares/logger.js
- /home/gareevk/express-mesto-gha/app.js
    at Function.Module._resolveFilename (node:internal/modules/cjs/loader:933:15)
    at Module.Hook._require.Module.require (/usr/lib/node_modules/pm2/node_modules/require-in-the-middle/index.js:61:29)
    at require (node:internal/modules/cjs/helpers:102:18)
    at Object.<anonymous> (/home/gareevk/express-mesto-gha/middlewares/logger.js:1:17)
    at Module._compile (node:internal/modules/cjs/loader:1105:14)
    at Object.Module._extensions..js (node:internal/modules/cjs/loader:1159:10)
    at Module.load (node:internal/modules/cjs/loader:981:32)
    at Function.Module._load (node:internal/modules/cjs/loader:822:12)
    at Module.require (node:internal/modules/cjs/loader:1005:19)
    at Module.Hook._require.Module.require (/usr/lib/node_modules/pm2/node_modules/require-in-the-middle/index.js:80:39) {
  code: 'MODULE_NOT_FOUND',
  requireStack: [
    '/home/gareevk/express-mesto-gha/middlewares/logger.js',
    '/home/gareevk/express-mesto-gha/app.js'
  ]
}
Error: Cannot find module 'winston'
Require stack:
- /home/gareevk/express-mesto-gha/middlewares/logger.js
- /home/gareevk/express-mesto-gha/app.js
    at Function.Module._resolveFilename (node:internal/modules/cjs/loader:933:15)
    at Module.Hook._require.Module.require (/usr/lib/node_modules/pm2/node_modules/require-in-the-middle/index.js:61:29)
    at require (node:internal/modules/cjs/helpers:102:18)
    at Object.<anonymous> (/home/gareevk/express-mesto-gha/middlewares/logger.js:1:17)
    at Module._compile (node:internal/modules/cjs/loader:1105:14)
    at Object.Module._extensions..js (node:internal/modules/cjs/loader:1159:10)
    at Module.load (node:internal/modules/cjs/loader:981:32)
    at Function.Module._load (node:internal/modules/cjs/loader:822:12)
    at Module.require (node:internal/modules/cjs/loader:1005:19)
    at Module.Hook._require.Module.require (/usr/lib/node_modules/pm2/node_modules/require-in-the-middle/index.js:80:39) {
  code: 'MODULE_NOT_FOUND',
  requireStack: [
    '/home/gareevk/express-mesto-gha/middlewares/logger.js',
    '/home/gareevk/express-mesto-gha/app.js'
  ]
}
Error: Cannot find module 'winston'
Require stack:
- /home/gareevk/express-mesto-gha/middlewares/logger.js
- /home/gareevk/express-mesto-gha/app.js
    at Function.Module._resolveFilename (node:internal/modules/cjs/loader:933:15)
    at Module.Hook._require.Module.require (/usr/lib/node_modules/pm2/node_modules/require-in-the-middle/index.js:61:29)
    at require (node:internal/modules/cjs/helpers:102:18)
    at Object.<anonymous> (/home/gareevk/express-mesto-gha/middlewares/logger.js:1:17)
    at Module._compile (node:internal/modules/cjs/loader:1105:14)
    at Object.Module._extensions..js (node:internal/modules/cjs/loader:1159:10)
    at Module.load (node:internal/modules/cjs/loader:981:32)
    at Function.Module._load (node:internal/modules/cjs/loader:822:12)
    at Module.require (node:internal/modules/cjs/loader:1005:19)
    at Module.Hook._require.Module.require (/usr/lib/node_modules/pm2/node_modules/require-in-the-middle/index.js:80:39) {
  code: 'MODULE_NOT_FOUND',
  requireStack: [
    '/home/gareevk/express-mesto-gha/middlewares/logger.js',
    '/home/gareevk/express-mesto-gha/app.js'
  ]
}
Error: Cannot find module 'winston'
Require stack:
- /home/gareevk/express-mesto-gha/middlewares/logger.js
- /home/gareevk/express-mesto-gha/app.js
    at Function.Module._resolveFilename (node:internal/modules/cjs/loader:933:15)
    at Module.Hook._require.Module.require (/usr/lib/node_modules/pm2/node_modules/require-in-the-middle/index.js:61:29)
    at require (node:internal/modules/cjs/helpers:102:18)
    at Object.<anonymous> (/home/gareevk/express-mesto-gha/middlewares/logger.js:1:17)
    at Module._compile (node:internal/modules/cjs/loader:1105:14)
    at Object.Module._extensions..js (node:internal/modules/cjs/loader:1159:10)
    at Module.load (node:internal/modules/cjs/loader:981:32)
    at Function.Module._load (node:internal/modules/cjs/loader:822:12)
    at Module.require (node:internal/modules/cjs/loader:1005:19)
    at Module.Hook._require.Module.require (/usr/lib/node_modules/pm2/node_modules/require-in-the-middle/index.js:80:39) {
  code: 'MODULE_NOT_FOUND',
  requireStack: [
    '/home/gareevk/express-mesto-gha/middlewares/logger.js',
    '/home/gareevk/express-mesto-gha/app.js'
  ]
}
Error: Cannot find module 'winston'
Require stack:
- /home/gareevk/express-mesto-gha/middlewares/logger.js
- /home/gareevk/express-mesto-gha/app.js
    at Function.Module._resolveFilename (node:internal/modules/cjs/loader:933:15)
    at Module.Hook._require.Module.require (/usr/lib/node_modules/pm2/node_modules/require-in-the-middle/index.js:61:29)
    at require (node:internal/modules/cjs/helpers:102:18)
    at Object.<anonymous> (/home/gareevk/express-mesto-gha/middlewares/logger.js:1:17)
    at Module._compile (node:internal/modules/cjs/loader:1105:14)
    at Object.Module._extensions..js (node:internal/modules/cjs/loader:1159:10)
    at Module.load (node:internal/modules/cjs/loader:981:32)
    at Function.Module._load (node:internal/modules/cjs/loader:822:12)
    at Module.require (node:internal/modules/cjs/loader:1005:19)
    at Module.Hook._require.Module.require (/usr/lib/node_modules/pm2/node_modules/require-in-the-middle/index.js:80:39) {
  code: 'MODULE_NOT_FOUND',
  requireStack: [
    '/home/gareevk/express-mesto-gha/middlewares/logger.js',
    '/home/gareevk/express-mesto-gha/app.js'
  ]
}
Error: Cannot find module 'winston'
Require stack:
- /home/gareevk/express-mesto-gha/middlewares/logger.js
- /home/gareevk/express-mesto-gha/app.js
    at Function.Module._resolveFilename (node:internal/modules/cjs/loader:933:15)
    at Module.Hook._require.Module.require (/usr/lib/node_modules/pm2/node_modules/require-in-the-middle/index.js:61:29)
    at require (node:internal/modules/cjs/helpers:102:18)
    at Object.<anonymous> (/home/gareevk/express-mesto-gha/middlewares/logger.js:1:17)
    at Module._compile (node:internal/modules/cjs/loader:1105:14)
    at Object.Module._extensions..js (node:internal/modules/cjs/loader:1159:10)
    at Module.load (node:internal/modules/cjs/loader:981:32)
    at Function.Module._load (node:internal/modules/cjs/loader:822:12)
    at Module.require (node:internal/modules/cjs/loader:1005:19)
    at Module.Hook._require.Module.require (/usr/lib/node_modules/pm2/node_modules/require-in-the-middle/index.js:80:39) {
  code: 'MODULE_NOT_FOUND',
  requireStack: [
    '/home/gareevk/express-mesto-gha/middlewares/logger.js',
    '/home/gareevk/express-mesto-gha/app.js'
  ]
}
Error: Cannot find module 'winston'
Require stack:
- /home/gareevk/express-mesto-gha/middlewares/logger.js
- /home/gareevk/express-mesto-gha/app.js
    at Function.Module._resolveFilename (node:internal/modules/cjs/loader:933:15)
    at Module.Hook._require.Module.require (/usr/lib/node_modules/pm2/node_modules/require-in-the-middle/index.js:61:29)
    at require (node:internal/modules/cjs/helpers:102:18)
    at Object.<anonymous> (/home/gareevk/express-mesto-gha/middlewares/logger.js:1:17)
    at Module._compile (node:internal/modules/cjs/loader:1105:14)
    at Object.Module._extensions..js (node:internal/modules/cjs/loader:1159:10)
    at Module.load (node:internal/modules/cjs/loader:981:32)
    at Function.Module._load (node:internal/modules/cjs/loader:822:12)
    at Module.require (node:internal/modules/cjs/loader:1005:19)
    at Module.Hook._require.Module.require (/usr/lib/node_modules/pm2/node_modules/require-in-the-middle/index.js:80:39) {
  code: 'MODULE_NOT_FOUND',
  requireStack: [
    '/home/gareevk/express-mesto-gha/middlewares/logger.js',
    '/home/gareevk/express-mesto-gha/app.js'
  ]
}
Error: Cannot find module 'winston'
Require stack:
- /home/gareevk/express-mesto-gha/middlewares/logger.js
- /home/gareevk/express-mesto-gha/app.js
    at Function.Module._resolveFilename (node:internal/modules/cjs/loader:933:15)
    at Module.Hook._require.Module.require (/usr/lib/node_modules/pm2/node_modules/require-in-the-middle/index.js:61:29)
    at require (node:internal/modules/cjs/helpers:102:18)
    at Object.<anonymous> (/home/gareevk/express-mesto-gha/middlewares/logger.js:1:17)
    at Module._compile (node:internal/modules/cjs/loader:1105:14)
    at Object.Module._extensions..js (node:internal/modules/cjs/loader:1159:10)
    at Module.load (node:internal/modules/cjs/loader:981:32)
    at Function.Module._load (node:internal/modules/cjs/loader:822:12)
    at Module.require (node:internal/modules/cjs/loader:1005:19)
    at Module.Hook._require.Module.require (/usr/lib/node_modules/pm2/node_modules/require-in-the-middle/index.js:80:39) {
  code: 'MODULE_NOT_FOUND',
  requireStack: [
    '/home/gareevk/express-mesto-gha/middlewares/logger.js',
    '/home/gareevk/express-mesto-gha/app.js'
  ]
}
Error: Cannot find module 'winston'
Require stack:
- /home/gareevk/express-mesto-gha/middlewares/logger.js
- /home/gareevk/express-mesto-gha/app.js
    at Function.Module._resolveFilename (node:internal/modules/cjs/loader:933:15)
    at Module.Hook._require.Module.require (/usr/lib/node_modules/pm2/node_modules/require-in-the-middle/index.js:61:29)
    at require (node:internal/modules/cjs/helpers:102:18)
    at Object.<anonymous> (/home/gareevk/express-mesto-gha/middlewares/logger.js:2:17)
    at Module._compile (node:internal/modules/cjs/loader:1105:14)
    at Object.Module._extensions..js (node:internal/modules/cjs/loader:1159:10)
    at Module.load (node:internal/modules/cjs/loader:981:32)
    at Function.Module._load (node:internal/modules/cjs/loader:822:12)
    at Module.require (node:internal/modules/cjs/loader:1005:19)
    at Module.Hook._require.Module.require (/usr/lib/node_modules/pm2/node_modules/require-in-the-middle/index.js:80:39) {
  code: 'MODULE_NOT_FOUND',
  requireStack: [
    '/home/gareevk/express-mesto-gha/middlewares/logger.js',
    '/home/gareevk/express-mesto-gha/app.js'
  ]
}
Error: Cannot find module 'winston'
Require stack:
- /home/gareevk/express-mesto-gha/middlewares/logger.js
- /home/gareevk/express-mesto-gha/app.js
    at Function.Module._resolveFilename (node:internal/modules/cjs/loader:933:15)
    at Module.Hook._require.Module.require (/usr/lib/node_modules/pm2/node_modules/require-in-the-middle/index.js:61:29)
    at require (node:internal/modules/cjs/helpers:102:18)
    at Object.<anonymous> (/home/gareevk/express-mesto-gha/middlewares/logger.js:2:17)
    at Module._compile (node:internal/modules/cjs/loader:1105:14)
    at Object.Module._extensions..js (node:internal/modules/cjs/loader:1159:10)
    at Module.load (node:internal/modules/cjs/loader:981:32)
    at Function.Module._load (node:internal/modules/cjs/loader:822:12)
    at Module.require (node:internal/modules/cjs/loader:1005:19)
    at Module.Hook._require.Module.require (/usr/lib/node_modules/pm2/node_modules/require-in-the-middle/index.js:80:39) {
  code: 'MODULE_NOT_FOUND',
  requireStack: [
    '/home/gareevk/express-mesto-gha/middlewares/logger.js',
    '/home/gareevk/express-mesto-gha/app.js'
  ]
}
Error: Cannot find module 'winston'
Require stack:
- /home/gareevk/express-mesto-gha/middlewares/logger.js
- /home/gareevk/express-mesto-gha/app.js
    at Function.Module._resolveFilename (node:internal/modules/cjs/loader:933:15)
    at Module.Hook._require.Module.require (/usr/lib/node_modules/pm2/node_modules/require-in-the-middle/index.js:61:29)
    at require (node:internal/modules/cjs/helpers:102:18)
    at Object.<anonymous> (/home/gareevk/express-mesto-gha/middlewares/logger.js:2:17)
    at Module._compile (node:internal/modules/cjs/loader:1105:14)
    at Object.Module._extensions..js (node:internal/modules/cjs/loader:1159:10)
    at Module.load (node:internal/modules/cjs/loader:981:32)
    at Function.Module._load (node:internal/modules/cjs/loader:822:12)
    at Module.require (node:internal/modules/cjs/loader:1005:19)
    at Module.Hook._require.Module.require (/usr/lib/node_modules/pm2/node_modules/require-in-the-middle/index.js:80:39) {
  code: 'MODULE_NOT_FOUND',
  requireStack: [
    '/home/gareevk/express-mesto-gha/middlewares/logger.js',
    '/home/gareevk/express-mesto-gha/app.js'
  ]
}
Error: Cannot find module 'winston'
Require stack:
- /home/gareevk/express-mesto-gha/middlewares/logger.js
- /home/gareevk/express-mesto-gha/app.js
    at Function.Module._resolveFilename (node:internal/modules/cjs/loader:933:15)
    at Module.Hook._require.Module.require (/usr/lib/node_modules/pm2/node_modules/require-in-the-middle/index.js:61:29)
    at require (node:internal/modules/cjs/helpers:102:18)
    at Object.<anonymous> (/home/gareevk/express-mesto-gha/middlewares/logger.js:2:17)
    at Module._compile (node:internal/modules/cjs/loader:1105:14)
    at Object.Module._extensions..js (node:internal/modules/cjs/loader:1159:10)
    at Module.load (node:internal/modules/cjs/loader:981:32)
    at Function.Module._load (node:internal/modules/cjs/loader:822:12)
    at Module.require (node:internal/modules/cjs/loader:1005:19)
    at Module.Hook._require.Module.require (/usr/lib/node_modules/pm2/node_modules/require-in-the-middle/index.js:80:39) {
  code: 'MODULE_NOT_FOUND',
  requireStack: [
    '/home/gareevk/express-mesto-gha/middlewares/logger.js',
    '/home/gareevk/express-mesto-gha/app.js'
  ]
}
Error: Cannot find module 'winston'
Require stack:
- /home/gareevk/express-mesto-gha/middlewares/logger.js
- /home/gareevk/express-mesto-gha/app.js
    at Function.Module._resolveFilename (node:internal/modules/cjs/loader:933:15)
    at Module.Hook._require.Module.require (/usr/lib/node_modules/pm2/node_modules/require-in-the-middle/index.js:61:29)
    at require (node:internal/modules/cjs/helpers:102:18)
    at Object.<anonymous> (/home/gareevk/express-mesto-gha/middlewares/logger.js:2:17)
    at Module._compile (node:internal/modules/cjs/loader:1105:14)
    at Object.Module._extensions..js (node:internal/modules/cjs/loader:1159:10)
    at Module.load (node:internal/modules/cjs/loader:981:32)
    at Function.Module._load (node:internal/modules/cjs/loader:822:12)
    at Module.require (node:internal/modules/cjs/loader:1005:19)
    at Module.Hook._require.Module.require (/usr/lib/node_modules/pm2/node_modules/require-in-the-middle/index.js:80:39) {
  code: 'MODULE_NOT_FOUND',
  requireStack: [
    '/home/gareevk/express-mesto-gha/middlewares/logger.js',
    '/home/gareevk/express-mesto-gha/app.js'
  ]
}
Error: Cannot find module 'winston'
Require stack:
- /home/gareevk/express-mesto-gha/middlewares/logger.js
- /home/gareevk/express-mesto-gha/app.js
    at Function.Module._resolveFilename (node:internal/modules/cjs/loader:933:15)
    at Module.Hook._require.Module.require (/usr/lib/node_modules/pm2/node_modules/require-in-the-middle/index.js:61:29)
    at require (node:internal/modules/cjs/helpers:102:18)
    at Object.<anonymous> (/home/gareevk/express-mesto-gha/middlewares/logger.js:2:17)
    at Module._compile (node:internal/modules/cjs/loader:1105:14)
    at Object.Module._extensions..js (node:internal/modules/cjs/loader:1159:10)
    at Module.load (node:internal/modules/cjs/loader:981:32)
    at Function.Module._load (node:internal/modules/cjs/loader:822:12)
    at Module.require (node:internal/modules/cjs/loader:1005:19)
    at Module.Hook._require.Module.require (/usr/lib/node_modules/pm2/node_modules/require-in-the-middle/index.js:80:39) {
  code: 'MODULE_NOT_FOUND',
  requireStack: [
    '/home/gareevk/express-mesto-gha/middlewares/logger.js',
    '/home/gareevk/express-mesto-gha/app.js'
  ]
}
Error: Cannot find module 'winston'
Require stack:
- /home/gareevk/express-mesto-gha/middlewares/logger.js
- /home/gareevk/express-mesto-gha/app.js
    at Function.Module._resolveFilename (node:internal/modules/cjs/loader:933:15)
    at Module.Hook._require.Module.require (/usr/lib/node_modules/pm2/node_modules/require-in-the-middle/index.js:61:29)
    at require (node:internal/modules/cjs/helpers:102:18)
    at Object.<anonymous> (/home/gareevk/express-mesto-gha/middlewares/logger.js:2:17)
    at Module._compile (node:internal/modules/cjs/loader:1105:14)
    at Object.Module._extensions..js (node:internal/modules/cjs/loader:1159:10)
    at Module.load (node:internal/modules/cjs/loader:981:32)
    at Function.Module._load (node:internal/modules/cjs/loader:822:12)
    at Module.require (node:internal/modules/cjs/loader:1005:19)
    at Module.Hook._require.Module.require (/usr/lib/node_modules/pm2/node_modules/require-in-the-middle/index.js:80:39) {
  code: 'MODULE_NOT_FOUND',
  requireStack: [
    '/home/gareevk/express-mesto-gha/middlewares/logger.js',
    '/home/gareevk/express-mesto-gha/app.js'
  ]
}
Error: Cannot find module 'winston'
Require stack:
- /home/gareevk/express-mesto-gha/middlewares/logger.js
- /home/gareevk/express-mesto-gha/app.js
    at Function.Module._resolveFilename (node:internal/modules/cjs/loader:933:15)
    at Module.Hook._require.Module.require (/usr/lib/node_modules/pm2/node_modules/require-in-the-middle/index.js:61:29)
    at require (node:internal/modules/cjs/helpers:102:18)
    at Object.<anonymous> (/home/gareevk/express-mesto-gha/middlewares/logger.js:2:17)
    at Module._compile (node:internal/modules/cjs/loader:1105:14)
    at Object.Module._extensions..js (node:internal/modules/cjs/loader:1159:10)
    at Module.load (node:internal/modules/cjs/loader:981:32)
    at Function.Module._load (node:internal/modules/cjs/loader:822:12)
    at Module.require (node:internal/modules/cjs/loader:1005:19)
    at Module.Hook._require.Module.require (/usr/lib/node_modules/pm2/node_modules/require-in-the-middle/index.js:80:39) {
  code: 'MODULE_NOT_FOUND',
  requireStack: [
    '/home/gareevk/express-mesto-gha/middlewares/logger.js',
    '/home/gareevk/express-mesto-gha/app.js'
  ]
}
Error: Cannot find module 'winston'
Require stack:
- /home/gareevk/express-mesto-gha/middlewares/logger.js
- /home/gareevk/express-mesto-gha/app.js
    at Function.Module._resolveFilename (node:internal/modules/cjs/loader:933:15)
    at Module.Hook._require.Module.require (/usr/lib/node_modules/pm2/node_modules/require-in-the-middle/index.js:61:29)
    at require (node:internal/modules/cjs/helpers:102:18)
    at Object.<anonymous> (/home/gareevk/express-mesto-gha/middlewares/logger.js:2:17)
    at Module._compile (node:internal/modules/cjs/loader:1105:14)
    at Object.Module._extensions..js (node:internal/modules/cjs/loader:1159:10)
    at Module.load (node:internal/modules/cjs/loader:981:32)
    at Function.Module._load (node:internal/modules/cjs/loader:822:12)
    at Module.require (node:internal/modules/cjs/loader:1005:19)
    at Module.Hook._require.Module.require (/usr/lib/node_modules/pm2/node_modules/require-in-the-middle/index.js:80:39) {
  code: 'MODULE_NOT_FOUND',
  requireStack: [
    '/home/gareevk/express-mesto-gha/middlewares/logger.js',
    '/home/gareevk/express-mesto-gha/app.js'
  ]
}
Error: Cannot find module 'winston'
Require stack:
- /home/gareevk/express-mesto-gha/middlewares/logger.js
- /home/gareevk/express-mesto-gha/app.js
    at Function.Module._resolveFilename (node:internal/modules/cjs/loader:933:15)
    at Module.Hook._require.Module.require (/usr/lib/node_modules/pm2/node_modules/require-in-the-middle/index.js:61:29)
    at require (node:internal/modules/cjs/helpers:102:18)
    at Object.<anonymous> (/home/gareevk/express-mesto-gha/middlewares/logger.js:2:17)
    at Module._compile (node:internal/modules/cjs/loader:1105:14)
    at Object.Module._extensions..js (node:internal/modules/cjs/loader:1159:10)
    at Module.load (node:internal/modules/cjs/loader:981:32)
    at Function.Module._load (node:internal/modules/cjs/loader:822:12)
    at Module.require (node:internal/modules/cjs/loader:1005:19)
    at Module.Hook._require.Module.require (/usr/lib/node_modules/pm2/node_modules/require-in-the-middle/index.js:80:39) {
  code: 'MODULE_NOT_FOUND',
  requireStack: [
    '/home/gareevk/express-mesto-gha/middlewares/logger.js',
    '/home/gareevk/express-mesto-gha/app.js'
  ]
}
Error: Cannot find module 'winston'
Require stack:
- /home/gareevk/express-mesto-gha/middlewares/logger.js
- /home/gareevk/express-mesto-gha/app.js
    at Function.Module._resolveFilename (node:internal/modules/cjs/loader:933:15)
    at Module.Hook._require.Module.require (/usr/lib/node_modules/pm2/node_modules/require-in-the-middle/index.js:61:29)
    at require (node:internal/modules/cjs/helpers:102:18)
    at Object.<anonymous> (/home/gareevk/express-mesto-gha/middlewares/logger.js:2:17)
    at Module._compile (node:internal/modules/cjs/loader:1105:14)
    at Object.Module._extensions..js (node:internal/modules/cjs/loader:1159:10)
    at Module.load (node:internal/modules/cjs/loader:981:32)
    at Function.Module._load (node:internal/modules/cjs/loader:822:12)
    at Module.require (node:internal/modules/cjs/loader:1005:19)
    at Module.Hook._require.Module.require (/usr/lib/node_modules/pm2/node_modules/require-in-the-middle/index.js:80:39) {
  code: 'MODULE_NOT_FOUND',
  requireStack: [
    '/home/gareevk/express-mesto-gha/middlewares/logger.js',
    '/home/gareevk/express-mesto-gha/app.js'
  ]
}
Error: Cannot find module 'winston'
Require stack:
- /home/gareevk/express-mesto-gha/middlewares/logger.js
- /home/gareevk/express-mesto-gha/app.js
    at Function.Module._resolveFilename (node:internal/modules/cjs/loader:933:15)
    at Module.Hook._require.Module.require (/usr/lib/node_modules/pm2/node_modules/require-in-the-middle/index.js:61:29)
    at require (node:internal/modules/cjs/helpers:102:18)
    at Object.<anonymous> (/home/gareevk/express-mesto-gha/middlewares/logger.js:2:17)
    at Module._compile (node:internal/modules/cjs/loader:1105:14)
    at Object.Module._extensions..js (node:internal/modules/cjs/loader:1159:10)
    at Module.load (node:internal/modules/cjs/loader:981:32)
    at Function.Module._load (node:internal/modules/cjs/loader:822:12)
    at Module.require (node:internal/modules/cjs/loader:1005:19)
    at Module.Hook._require.Module.require (/usr/lib/node_modules/pm2/node_modules/require-in-the-middle/index.js:80:39) {
  code: 'MODULE_NOT_FOUND',
  requireStack: [
    '/home/gareevk/express-mesto-gha/middlewares/logger.js',
    '/home/gareevk/express-mesto-gha/app.js'
  ]
}
Error: Cannot find module 'winston'
Require stack:
- /home/gareevk/express-mesto-gha/middlewares/logger.js
- /home/gareevk/express-mesto-gha/app.js
    at Function.Module._resolveFilename (node:internal/modules/cjs/loader:933:15)
    at Module.Hook._require.Module.require (/usr/lib/node_modules/pm2/node_modules/require-in-the-middle/index.js:61:29)
    at require (node:internal/modules/cjs/helpers:102:18)
    at Object.<anonymous> (/home/gareevk/express-mesto-gha/middlewares/logger.js:2:17)
    at Module._compile (node:internal/modules/cjs/loader:1105:14)
    at Object.Module._extensions..js (node:internal/modules/cjs/loader:1159:10)
    at Module.load (node:internal/modules/cjs/loader:981:32)
    at Function.Module._load (node:internal/modules/cjs/loader:822:12)
    at Module.require (node:internal/modules/cjs/loader:1005:19)
    at Module.Hook._require.Module.require (/usr/lib/node_modules/pm2/node_modules/require-in-the-middle/index.js:80:39) {
  code: 'MODULE_NOT_FOUND',
  requireStack: [
    '/home/gareevk/express-mesto-gha/middlewares/logger.js',
    '/home/gareevk/express-mesto-gha/app.js'
  ]
}
Error: Cannot find module 'winston'
Require stack:
- /home/gareevk/express-mesto-gha/middlewares/logger.js
- /home/gareevk/express-mesto-gha/app.js
    at Function.Module._resolveFilename (node:internal/modules/cjs/loader:933:15)
    at Module.Hook._require.Module.require (/usr/lib/node_modules/pm2/node_modules/require-in-the-middle/index.js:61:29)
    at require (node:internal/modules/cjs/helpers:102:18)
    at Object.<anonymous> (/home/gareevk/express-mesto-gha/middlewares/logger.js:2:17)
    at Module._compile (node:internal/modules/cjs/loader:1105:14)
    at Object.Module._extensions..js (node:internal/modules/cjs/loader:1159:10)
    at Module.load (node:internal/modules/cjs/loader:981:32)
    at Function.Module._load (node:internal/modules/cjs/loader:822:12)
    at Module.require (node:internal/modules/cjs/loader:1005:19)
    at Module.Hook._require.Module.require (/usr/lib/node_modules/pm2/node_modules/require-in-the-middle/index.js:80:39) {
  code: 'MODULE_NOT_FOUND',
  requireStack: [
    '/home/gareevk/express-mesto-gha/middlewares/logger.js',
    '/home/gareevk/express-mesto-gha/app.js'
  ]
}
Error: Cannot find module 'winston'
Require stack:
- /home/gareevk/express-mesto-gha/middlewares/logger.js
- /home/gareevk/express-mesto-gha/app.js
    at Function.Module._resolveFilename (node:internal/modules/cjs/loader:933:15)
    at Module.Hook._require.Module.require (/usr/lib/node_modules/pm2/node_modules/require-in-the-middle/index.js:61:29)
    at require (node:internal/modules/cjs/helpers:102:18)
    at Object.<anonymous> (/home/gareevk/express-mesto-gha/middlewares/logger.js:2:17)
    at Module._compile (node:internal/modules/cjs/loader:1105:14)
    at Object.Module._extensions..js (node:internal/modules/cjs/loader:1159:10)
    at Module.load (node:internal/modules/cjs/loader:981:32)
    at Function.Module._load (node:internal/modules/cjs/loader:822:12)
    at Module.require (node:internal/modules/cjs/loader:1005:19)
    at Module.Hook._require.Module.require (/usr/lib/node_modules/pm2/node_modules/require-in-the-middle/index.js:80:39) {
  code: 'MODULE_NOT_FOUND',
  requireStack: [
    '/home/gareevk/express-mesto-gha/middlewares/logger.js',
    '/home/gareevk/express-mesto-gha/app.js'
  ]
}
Error: Cannot find module 'winston'
Require stack:
- /home/gareevk/express-mesto-gha/middlewares/logger.js
- /home/gareevk/express-mesto-gha/app.js
    at Function.Module._resolveFilename (node:internal/modules/cjs/loader:933:15)
    at Module.Hook._require.Module.require (/usr/lib/node_modules/pm2/node_modules/require-in-the-middle/index.js:61:29)
    at require (node:internal/modules/cjs/helpers:102:18)
    at Object.<anonymous> (/home/gareevk/express-mesto-gha/middlewares/logger.js:2:17)
    at Module._compile (node:internal/modules/cjs/loader:1105:14)
    at Object.Module._extensions..js (node:internal/modules/cjs/loader:1159:10)
    at Module.load (node:internal/modules/cjs/loader:981:32)
    at Function.Module._load (node:internal/modules/cjs/loader:822:12)
    at Module.require (node:internal/modules/cjs/loader:1005:19)
    at Module.Hook._require.Module.require (/usr/lib/node_modules/pm2/node_modules/require-in-the-middle/index.js:80:39) {
  code: 'MODULE_NOT_FOUND',
  requireStack: [
    '/home/gareevk/express-mesto-gha/middlewares/logger.js',
    '/home/gareevk/express-mesto-gha/app.js'
  ]
}
Error: Cannot find module 'winston'
Require stack:
- /home/gareevk/express-mesto-gha/middlewares/logger.js
- /home/gareevk/express-mesto-gha/app.js
    at Function.Module._resolveFilename (node:internal/modules/cjs/loader:933:15)
    at Module.Hook._require.Module.require (/usr/lib/node_modules/pm2/node_modules/require-in-the-middle/index.js:61:29)
    at require (node:internal/modules/cjs/helpers:102:18)
    at Object.<anonymous> (/home/gareevk/express-mesto-gha/middlewares/logger.js:2:17)
    at Module._compile (node:internal/modules/cjs/loader:1105:14)
    at Object.Module._extensions..js (node:internal/modules/cjs/loader:1159:10)
    at Module.load (node:internal/modules/cjs/loader:981:32)
    at Function.Module._load (node:internal/modules/cjs/loader:822:12)
    at Module.require (node:internal/modules/cjs/loader:1005:19)
    at Module.Hook._require.Module.require (/usr/lib/node_modules/pm2/node_modules/require-in-the-middle/index.js:80:39) {
  code: 'MODULE_NOT_FOUND',
  requireStack: [
    '/home/gareevk/express-mesto-gha/middlewares/logger.js',
    '/home/gareevk/express-mesto-gha/app.js'
  ]
}
Error: Cannot find module 'winston'
Require stack:
- /home/gareevk/express-mesto-gha/middlewares/logger.js
- /home/gareevk/express-mesto-gha/app.js
    at Function.Module._resolveFilename (node:internal/modules/cjs/loader:933:15)
    at Module.Hook._require.Module.require (/usr/lib/node_modules/pm2/node_modules/require-in-the-middle/index.js:61:29)
    at require (node:internal/modules/cjs/helpers:102:18)
    at Object.<anonymous> (/home/gareevk/express-mesto-gha/middlewares/logger.js:2:17)
    at Module._compile (node:internal/modules/cjs/loader:1105:14)
    at Object.Module._extensions..js (node:internal/modules/cjs/loader:1159:10)
    at Module.load (node:internal/modules/cjs/loader:981:32)
    at Function.Module._load (node:internal/modules/cjs/loader:822:12)
    at Module.require (node:internal/modules/cjs/loader:1005:19)
    at Module.Hook._require.Module.require (/usr/lib/node_modules/pm2/node_modules/require-in-the-middle/index.js:80:39) {
  code: 'MODULE_NOT_FOUND',
  requireStack: [
    '/home/gareevk/express-mesto-gha/middlewares/logger.js',
    '/home/gareevk/express-mesto-gha/app.js'
  ]
}
Error: Cannot find module 'winston'
Require stack:
- /home/gareevk/express-mesto-gha/middlewares/logger.js
- /home/gareevk/express-mesto-gha/app.js
    at Function.Module._resolveFilename (node:internal/modules/cjs/loader:933:15)
    at Module.Hook._require.Module.require (/usr/lib/node_modules/pm2/node_modules/require-in-the-middle/index.js:61:29)
    at require (node:internal/modules/cjs/helpers:102:18)
    at Object.<anonymous> (/home/gareevk/express-mesto-gha/middlewares/logger.js:2:17)
    at Module._compile (node:internal/modules/cjs/loader:1105:14)
    at Object.Module._extensions..js (node:internal/modules/cjs/loader:1159:10)
    at Module.load (node:internal/modules/cjs/loader:981:32)
    at Function.Module._load (node:internal/modules/cjs/loader:822:12)
    at Module.require (node:internal/modules/cjs/loader:1005:19)
    at Module.Hook._require.Module.require (/usr/lib/node_modules/pm2/node_modules/require-in-the-middle/index.js:80:39) {
  code: 'MODULE_NOT_FOUND',
  requireStack: [
    '/home/gareevk/express-mesto-gha/middlewares/logger.js',
    '/home/gareevk/express-mesto-gha/app.js'
  ]
}
Error: Cannot find module 'winston'
Require stack:
- /home/gareevk/express-mesto-gha/middlewares/logger.js
- /home/gareevk/express-mesto-gha/app.js
    at Function.Module._resolveFilename (node:internal/modules/cjs/loader:933:15)
    at Module.Hook._require.Module.require (/usr/lib/node_modules/pm2/node_modules/require-in-the-middle/index.js:61:29)
    at require (node:internal/modules/cjs/helpers:102:18)
    at Object.<anonymous> (/home/gareevk/express-mesto-gha/middlewares/logger.js:2:17)
    at Module._compile (node:internal/modules/cjs/loader:1105:14)
    at Object.Module._extensions..js (node:internal/modules/cjs/loader:1159:10)
    at Module.load (node:internal/modules/cjs/loader:981:32)
    at Function.Module._load (node:internal/modules/cjs/loader:822:12)
    at Module.require (node:internal/modules/cjs/loader:1005:19)
    at Module.Hook._require.Module.require (/usr/lib/node_modules/pm2/node_modules/require-in-the-middle/index.js:80:39) {
  code: 'MODULE_NOT_FOUND',
  requireStack: [
    '/home/gareevk/express-mesto-gha/middlewares/logger.js',
    '/home/gareevk/express-mesto-gha/app.js'
  ]
}
Error: Cannot find module 'winston'
Require stack:
- /home/gareevk/express-mesto-gha/middlewares/logger.js
- /home/gareevk/express-mesto-gha/app.js
    at Function.Module._resolveFilename (node:internal/modules/cjs/loader:933:15)
    at Module.Hook._require.Module.require (/usr/lib/node_modules/pm2/node_modules/require-in-the-middle/index.js:61:29)
    at require (node:internal/modules/cjs/helpers:102:18)
    at Object.<anonymous> (/home/gareevk/express-mesto-gha/middlewares/logger.js:2:17)
    at Module._compile (node:internal/modules/cjs/loader:1105:14)
    at Object.Module._extensions..js (node:internal/modules/cjs/loader:1159:10)
    at Module.load (node:internal/modules/cjs/loader:981:32)
    at Function.Module._load (node:internal/modules/cjs/loader:822:12)
    at Module.require (node:internal/modules/cjs/loader:1005:19)
    at Module.Hook._require.Module.require (/usr/lib/node_modules/pm2/node_modules/require-in-the-middle/index.js:80:39) {
  code: 'MODULE_NOT_FOUND',
  requireStack: [
    '/home/gareevk/express-mesto-gha/middlewares/logger.js',
    '/home/gareevk/express-mesto-gha/app.js'
  ]
}
Error: Cannot find module 'winston'
Require stack:
- /home/gareevk/express-mesto-gha/middlewares/logger.js
- /home/gareevk/express-mesto-gha/app.js
    at Function.Module._resolveFilename (node:internal/modules/cjs/loader:933:15)
    at Module.Hook._require.Module.require (/usr/lib/node_modules/pm2/node_modules/require-in-the-middle/index.js:61:29)
    at require (node:internal/modules/cjs/helpers:102:18)
    at Object.<anonymous> (/home/gareevk/express-mesto-gha/middlewares/logger.js:2:17)
    at Module._compile (node:internal/modules/cjs/loader:1105:14)
    at Object.Module._extensions..js (node:internal/modules/cjs/loader:1159:10)
    at Module.load (node:internal/modules/cjs/loader:981:32)
    at Function.Module._load (node:internal/modules/cjs/loader:822:12)
    at Module.require (node:internal/modules/cjs/loader:1005:19)
    at Module.Hook._require.Module.require (/usr/lib/node_modules/pm2/node_modules/require-in-the-middle/index.js:80:39) {
  code: 'MODULE_NOT_FOUND',
  requireStack: [
    '/home/gareevk/express-mesto-gha/middlewares/logger.js',
    '/home/gareevk/express-mesto-gha/app.js'
  ]
}
Error: Cannot find module 'winston'
Require stack:
- /home/gareevk/express-mesto-gha/middlewares/logger.js
- /home/gareevk/express-mesto-gha/app.js
    at Function.Module._resolveFilename (node:internal/modules/cjs/loader:933:15)
    at Module.Hook._require.Module.require (/usr/lib/node_modules/pm2/node_modules/require-in-the-middle/index.js:61:29)
    at require (node:internal/modules/cjs/helpers:102:18)
    at Object.<anonymous> (/home/gareevk/express-mesto-gha/middlewares/logger.js:2:17)
    at Module._compile (node:internal/modules/cjs/loader:1105:14)
    at Object.Module._extensions..js (node:internal/modules/cjs/loader:1159:10)
    at Module.load (node:internal/modules/cjs/loader:981:32)
    at Function.Module._load (node:internal/modules/cjs/loader:822:12)
    at Module.require (node:internal/modules/cjs/loader:1005:19)
    at Module.Hook._require.Module.require (/usr/lib/node_modules/pm2/node_modules/require-in-the-middle/index.js:80:39) {
  code: 'MODULE_NOT_FOUND',
  requireStack: [
    '/home/gareevk/express-mesto-gha/middlewares/logger.js',
    '/home/gareevk/express-mesto-gha/app.js'
  ]
}
Error: Cannot find module 'winston'
Require stack:
- /home/gareevk/express-mesto-gha/middlewares/logger.js
- /home/gareevk/express-mesto-gha/app.js
    at Function.Module._resolveFilename (node:internal/modules/cjs/loader:933:15)
    at Module.Hook._require.Module.require (/usr/lib/node_modules/pm2/node_modules/require-in-the-middle/index.js:61:29)
    at require (node:internal/modules/cjs/helpers:102:18)
    at Object.<anonymous> (/home/gareevk/express-mesto-gha/middlewares/logger.js:2:17)
    at Module._compile (node:internal/modules/cjs/loader:1105:14)
    at Object.Module._extensions..js (node:internal/modules/cjs/loader:1159:10)
    at Module.load (node:internal/modules/cjs/loader:981:32)
    at Function.Module._load (node:internal/modules/cjs/loader:822:12)
    at Module.require (node:internal/modules/cjs/loader:1005:19)
    at Module.Hook._require.Module.require (/usr/lib/node_modules/pm2/node_modules/require-in-the-middle/index.js:80:39) {
  code: 'MODULE_NOT_FOUND',
  requireStack: [
    '/home/gareevk/express-mesto-gha/middlewares/logger.js',
    '/home/gareevk/express-mesto-gha/app.js'
  ]
}
Error: Cannot find module 'winston'
Require stack:
- /home/gareevk/express-mesto-gha/middlewares/logger.js
- /home/gareevk/express-mesto-gha/app.js
    at Function.Module._resolveFilename (node:internal/modules/cjs/loader:933:15)
    at Module.Hook._require.Module.require (/usr/lib/node_modules/pm2/node_modules/require-in-the-middle/index.js:61:29)
    at require (node:internal/modules/cjs/helpers:102:18)
    at Object.<anonymous> (/home/gareevk/express-mesto-gha/middlewares/logger.js:2:17)
    at Module._compile (node:internal/modules/cjs/loader:1105:14)
    at Object.Module._extensions..js (node:internal/modules/cjs/loader:1159:10)
    at Module.load (node:internal/modules/cjs/loader:981:32)
    at Function.Module._load (node:internal/modules/cjs/loader:822:12)
    at Module.require (node:internal/modules/cjs/loader:1005:19)
    at Module.Hook._require.Module.require (/usr/lib/node_modules/pm2/node_modules/require-in-the-middle/index.js:80:39) {
  code: 'MODULE_NOT_FOUND',
  requireStack: [
    '/home/gareevk/express-mesto-gha/middlewares/logger.js',
    '/home/gareevk/express-mesto-gha/app.js'
  ]
}
Error: Cannot find module 'winston'
Require stack:
- /home/gareevk/express-mesto-gha/middlewares/logger.js
- /home/gareevk/express-mesto-gha/app.js
    at Function.Module._resolveFilename (node:internal/modules/cjs/loader:933:15)
    at Module.Hook._require.Module.require (/usr/lib/node_modules/pm2/node_modules/require-in-the-middle/index.js:61:29)
    at require (node:internal/modules/cjs/helpers:102:18)
    at Object.<anonymous> (/home/gareevk/express-mesto-gha/middlewares/logger.js:2:17)
    at Module._compile (node:internal/modules/cjs/loader:1105:14)
    at Object.Module._extensions..js (node:internal/modules/cjs/loader:1159:10)
    at Module.load (node:internal/modules/cjs/loader:981:32)
    at Function.Module._load (node:internal/modules/cjs/loader:822:12)
    at Module.require (node:internal/modules/cjs/loader:1005:19)
    at Module.Hook._require.Module.require (/usr/lib/node_modules/pm2/node_modules/require-in-the-middle/index.js:80:39) {
  code: 'MODULE_NOT_FOUND',
  requireStack: [
    '/home/gareevk/express-mesto-gha/middlewares/logger.js',
    '/home/gareevk/express-mesto-gha/app.js'
  ]
}
Error: Cannot find module 'winston'
Require stack:
- /home/gareevk/express-mesto-gha/middlewares/logger.js
- /home/gareevk/express-mesto-gha/app.js
    at Function.Module._resolveFilename (node:internal/modules/cjs/loader:933:15)
    at Module.Hook._require.Module.require (/usr/lib/node_modules/pm2/node_modules/require-in-the-middle/index.js:61:29)
    at require (node:internal/modules/cjs/helpers:102:18)
    at Object.<anonymous> (/home/gareevk/express-mesto-gha/middlewares/logger.js:2:17)
    at Module._compile (node:internal/modules/cjs/loader:1105:14)
    at Object.Module._extensions..js (node:internal/modules/cjs/loader:1159:10)
    at Module.load (node:internal/modules/cjs/loader:981:32)
    at Function.Module._load (node:internal/modules/cjs/loader:822:12)
    at Module.require (node:internal/modules/cjs/loader:1005:19)
    at Module.Hook._require.Module.require (/usr/lib/node_modules/pm2/node_modules/require-in-the-middle/index.js:80:39) {
  code: 'MODULE_NOT_FOUND',
  requireStack: [
    '/home/gareevk/express-mesto-gha/middlewares/logger.js',
    '/home/gareevk/express-mesto-gha/app.js'
  ]
}
Error: Cannot find module 'winston'
Require stack:
- /home/gareevk/express-mesto-gha/middlewares/logger.js
- /home/gareevk/express-mesto-gha/app.js
    at Function.Module._resolveFilename (node:internal/modules/cjs/loader:933:15)
    at Module.Hook._require.Module.require (/usr/lib/node_modules/pm2/node_modules/require-in-the-middle/index.js:61:29)
    at require (node:internal/modules/cjs/helpers:102:18)
    at Object.<anonymous> (/home/gareevk/express-mesto-gha/middlewares/logger.js:2:17)
    at Module._compile (node:internal/modules/cjs/loader:1105:14)
    at Object.Module._extensions..js (node:internal/modules/cjs/loader:1159:10)
    at Module.load (node:internal/modules/cjs/loader:981:32)
    at Function.Module._load (node:internal/modules/cjs/loader:822:12)
    at Module.require (node:internal/modules/cjs/loader:1005:19)
    at Module.Hook._require.Module.require (/usr/lib/node_modules/pm2/node_modules/require-in-the-middle/index.js:80:39) {
  code: 'MODULE_NOT_FOUND',
  requireStack: [
    '/home/gareevk/express-mesto-gha/middlewares/logger.js',
    '/home/gareevk/express-mesto-gha/app.js'
  ]
}
Error: Cannot find module 'winston'
Require stack:
- /home/gareevk/express-mesto-gha/middlewares/logger.js
- /home/gareevk/express-mesto-gha/app.js
    at Function.Module._resolveFilename (node:internal/modules/cjs/loader:933:15)
    at Module.Hook._require.Module.require (/usr/lib/node_modules/pm2/node_modules/require-in-the-middle/index.js:61:29)
    at require (node:internal/modules/cjs/helpers:102:18)
    at Object.<anonymous> (/home/gareevk/express-mesto-gha/middlewares/logger.js:2:17)
    at Module._compile (node:internal/modules/cjs/loader:1105:14)
    at Object.Module._extensions..js (node:internal/modules/cjs/loader:1159:10)
    at Module.load (node:internal/modules/cjs/loader:981:32)
    at Function.Module._load (node:internal/modules/cjs/loader:822:12)
    at Module.require (node:internal/modules/cjs/loader:1005:19)
    at Module.Hook._require.Module.require (/usr/lib/node_modules/pm2/node_modules/require-in-the-middle/index.js:80:39) {
  code: 'MODULE_NOT_FOUND',
  requireStack: [
    '/home/gareevk/express-mesto-gha/middlewares/logger.js',
    '/home/gareevk/express-mesto-gha/app.js'
  ]
}
Error: Cannot find module 'winston'
Require stack:
- /home/gareevk/express-mesto-gha/middlewares/logger.js
- /home/gareevk/express-mesto-gha/app.js
    at Function.Module._resolveFilename (node:internal/modules/cjs/loader:933:15)
    at Module.Hook._require.Module.require (/usr/lib/node_modules/pm2/node_modules/require-in-the-middle/index.js:61:29)
    at require (node:internal/modules/cjs/helpers:102:18)
    at Object.<anonymous> (/home/gareevk/express-mesto-gha/middlewares/logger.js:2:17)
    at Module._compile (node:internal/modules/cjs/loader:1105:14)
    at Object.Module._extensions..js (node:internal/modules/cjs/loader:1159:10)
    at Module.load (node:internal/modules/cjs/loader:981:32)
    at Function.Module._load (node:internal/modules/cjs/loader:822:12)
    at Module.require (node:internal/modules/cjs/loader:1005:19)
    at Module.Hook._require.Module.require (/usr/lib/node_modules/pm2/node_modules/require-in-the-middle/index.js:80:39) {
  code: 'MODULE_NOT_FOUND',
  requireStack: [
    '/home/gareevk/express-mesto-gha/middlewares/logger.js',
    '/home/gareevk/express-mesto-gha/app.js'
  ]
}
Error: Cannot find module 'winston'
Require stack:
- /home/gareevk/express-mesto-gha/middlewares/logger.js
- /home/gareevk/express-mesto-gha/app.js
    at Function.Module._resolveFilename (node:internal/modules/cjs/loader:933:15)
    at Module.Hook._require.Module.require (/usr/lib/node_modules/pm2/node_modules/require-in-the-middle/index.js:61:29)
    at require (node:internal/modules/cjs/helpers:102:18)
    at Object.<anonymous> (/home/gareevk/express-mesto-gha/middlewares/logger.js:2:17)
    at Module._compile (node:internal/modules/cjs/loader:1105:14)
    at Object.Module._extensions..js (node:internal/modules/cjs/loader:1159:10)
    at Module.load (node:internal/modules/cjs/loader:981:32)
    at Function.Module._load (node:internal/modules/cjs/loader:822:12)
    at Module.require (node:internal/modules/cjs/loader:1005:19)
    at Module.Hook._require.Module.require (/usr/lib/node_modules/pm2/node_modules/require-in-the-middle/index.js:80:39) {
  code: 'MODULE_NOT_FOUND',
  requireStack: [
    '/home/gareevk/express-mesto-gha/middlewares/logger.js',
    '/home/gareevk/express-mesto-gha/app.js'
  ]
}
Error: Cannot find module 'winston'
Require stack:
- /home/gareevk/express-mesto-gha/middlewares/logger.js
- /home/gareevk/express-mesto-gha/app.js
    at Function.Module._resolveFilename (node:internal/modules/cjs/loader:933:15)
    at Module.Hook._require.Module.require (/usr/lib/node_modules/pm2/node_modules/require-in-the-middle/index.js:61:29)
    at require (node:internal/modules/cjs/helpers:102:18)
    at Object.<anonymous> (/home/gareevk/express-mesto-gha/middlewares/logger.js:2:17)
    at Module._compile (node:internal/modules/cjs/loader:1105:14)
    at Object.Module._extensions..js (node:internal/modules/cjs/loader:1159:10)
    at Module.load (node:internal/modules/cjs/loader:981:32)
    at Function.Module._load (node:internal/modules/cjs/loader:822:12)
    at Module.require (node:internal/modules/cjs/loader:1005:19)
    at Module.Hook._require.Module.require (/usr/lib/node_modules/pm2/node_modules/require-in-the-middle/index.js:80:39) {
  code: 'MODULE_NOT_FOUND',
  requireStack: [
    '/home/gareevk/express-mesto-gha/middlewares/logger.js',
    '/home/gareevk/express-mesto-gha/app.js'
  ]
}
Error: Cannot find module 'winston'
Require stack:
- /home/gareevk/express-mesto-gha/middlewares/logger.js
- /home/gareevk/express-mesto-gha/app.js
    at Function.Module._resolveFilename (node:internal/modules/cjs/loader:933:15)
    at Module.Hook._require.Module.require (/usr/lib/node_modules/pm2/node_modules/require-in-the-middle/index.js:61:29)
    at require (node:internal/modules/cjs/helpers:102:18)
    at Object.<anonymous> (/home/gareevk/express-mesto-gha/middlewares/logger.js:2:17)
    at Module._compile (node:internal/modules/cjs/loader:1105:14)
    at Object.Module._extensions..js (node:internal/modules/cjs/loader:1159:10)
    at Module.load (node:internal/modules/cjs/loader:981:32)
    at Function.Module._load (node:internal/modules/cjs/loader:822:12)
    at Module.require (node:internal/modules/cjs/loader:1005:19)
    at Module.Hook._require.Module.require (/usr/lib/node_modules/pm2/node_modules/require-in-the-middle/index.js:80:39) {
  code: 'MODULE_NOT_FOUND',
  requireStack: [
    '/home/gareevk/express-mesto-gha/middlewares/logger.js',
    '/home/gareevk/express-mesto-gha/app.js'
  ]
}
