0 verbose cli [ '/usr/bin/node', '/usr/bin/npm', 'install' ]
1 info using npm@8.5.5
2 info using node@v16.15.0
3 timing npm:load:whichnode Completed in 0ms
4 timing config:load:defaults Completed in 2ms
5 timing config:load:file:/usr/lib/node_modules/npm/npmrc Completed in 7ms
6 timing config:load:builtin Completed in 9ms
7 timing config:load:cli Completed in 3ms
8 timing config:load:env Completed in 5ms
9 timing config:load:file:/home/gareevk/express-mesto-gha/.npmrc Completed in 0ms
10 timing config:load:project Completed in 47ms
11 timing config:load:file:/home/gareevk/.npmrc Completed in 2ms
12 timing config:load:user Completed in 2ms
13 timing config:load:file:/usr/etc/npmrc Completed in 0ms
14 timing config:load:global Completed in 0ms
15 timing config:load:validate Completed in 0ms
16 timing config:load:credentials Completed in 2ms
17 timing config:load:setEnvs Completed in 2ms
18 timing config:load Completed in 84ms
19 timing npm:load:configload Completed in 84ms
20 timing npm:load:setTitle Completed in 0ms
21 timing config:load:flatten Completed in 4ms
22 timing npm:load:display Completed in 7ms
23 verbose logfile /home/gareevk/.npm/_logs/2022-05-29T10_10_01_412Z-debug-0.log
24 timing npm:load:logFile Completed in 7ms
25 timing npm:load:timers Completed in 0ms
26 timing npm:load:configScope Completed in 0ms
27 timing npm:load Completed in 100ms
28 timing arborist:ctor Completed in 1ms
29 timing idealTree:init Completed in 566ms
30 timing idealTree:userRequests Completed in 1ms
31 silly idealTree buildDeps
32 timing idealTree:#root Completed in 0ms
33 timing idealTree:buildDeps Completed in 2ms
34 timing idealTree:fixDepFlags Completed in 1ms
35 timing idealTree Completed in 580ms
36 timing arborist:ctor Completed in 0ms
37 timing reify:loadTrees Completed in 923ms
38 timing reify:diffTrees Completed in 14ms
39 silly reify moves {}
40 timing reify:retireShallow Completed in 0ms
41 timing reify:createSparse Completed in 2ms
42 timing reify:loadBundles Completed in 0ms
43 silly audit bulk request {
43 silly audit   '@ampproject/remapping': [ '2.2.0' ],
43 silly audit   '@babel/code-frame': [ '7.16.7' ],
43 silly audit   '@babel/compat-data': [ '7.17.10' ],
43 silly audit   '@babel/core': [ '7.18.0' ],
43 silly audit   json5: [ '2.2.1', '1.0.1' ],
43 silly audit   '@babel/generator': [ '7.18.0' ],
43 silly audit   '@jridgewell/gen-mapping': [ '0.3.1', '0.1.1' ],
43 silly audit   '@babel/helper-compilation-targets': [ '7.17.10' ],
43 silly audit   '@babel/helper-environment-visitor': [ '7.16.7' ],
43 silly audit   '@babel/helper-function-name': [ '7.17.9' ],
43 silly audit   '@babel/helper-hoist-variables': [ '7.16.7' ],
43 silly audit   '@babel/helper-module-imports': [ '7.16.7' ],
43 silly audit   '@babel/helper-module-transforms': [ '7.18.0' ],
43 silly audit   '@babel/helper-plugin-utils': [ '7.17.12' ],
43 silly audit   '@babel/helper-simple-access': [ '7.17.7' ],
43 silly audit   '@babel/helper-split-export-declaration': [ '7.16.7' ],
43 silly audit   '@babel/helper-validator-identifier': [ '7.16.7' ],
43 silly audit   '@babel/helper-validator-option': [ '7.16.7' ],
43 silly audit   '@babel/helpers': [ '7.18.0' ],
43 silly audit   '@babel/highlight': [ '7.17.12' ],
43 silly audit   'ansi-styles': [ '3.2.1', '4.3.0', '5.2.0' ],
43 silly audit   chalk: [ '2.4.2', '4.1.2' ],
43 silly audit   'color-convert': [ '1.9.3', '2.0.1' ],
43 silly audit   'color-name': [ '1.1.3', '1.1.4' ],
43 silly audit   'escape-string-regexp': [ '1.0.5', '4.0.0', '2.0.0' ],
43 silly audit   'has-flag': [ '3.0.0', '4.0.0' ],
43 silly audit   'supports-color': [ '5.5.0', '8.1.1', '7.2.0' ],
43 silly audit   '@babel/parser': [ '7.18.0' ],
43 silly audit   '@babel/plugin-syntax-async-generators': [ '7.8.4' ],
43 silly audit   '@babel/plugin-syntax-bigint': [ '7.8.3' ],
43 silly audit   '@babel/plugin-syntax-class-properties': [ '7.12.13' ],
43 silly audit   '@babel/plugin-syntax-import-meta': [ '7.10.4' ],
43 silly audit   '@babel/plugin-syntax-json-strings': [ '7.8.3' ],
43 silly audit   '@babel/plugin-syntax-logical-assignment-operators': [ '7.10.4' ],
43 silly audit   '@babel/plugin-syntax-nullish-coalescing-operator': [ '7.8.3' ],
43 silly audit   '@babel/plugin-syntax-numeric-separator': [ '7.10.4' ],
43 silly audit   '@babel/plugin-syntax-object-rest-spread': [ '7.8.3' ],
43 silly audit   '@babel/plugin-syntax-optional-catch-binding': [ '7.8.3' ],
43 silly audit   '@babel/plugin-syntax-optional-chaining': [ '7.8.3' ],
43 silly audit   '@babel/plugin-syntax-top-level-await': [ '7.14.5' ],
43 silly audit   '@babel/plugin-syntax-typescript': [ '7.17.12' ],
43 silly audit   '@babel/template': [ '7.16.7' ],
43 silly audit   '@babel/traverse': [ '7.18.0' ],
43 silly audit   globals: [ '11.12.0', '13.15.0' ],
43 silly audit   '@babel/types': [ '7.18.0' ],
43 silly audit   '@bcoe/v8-coverage': [ '0.2.3' ],
43 silly audit   '@colors/colors': [ '1.5.0' ],
43 silly audit   '@dabh/diagnostics': [ '2.0.3' ],
43 silly audit   '@eslint/eslintrc': [ '1.3.0' ],
43 silly audit   '@hapi/hoek': [ '9.3.0' ],
43 silly audit   '@hapi/topo': [ '5.1.0' ],
43 silly audit   '@humanwhocodes/config-array': [ '0.6.0' ],
43 silly audit   '@humanwhocodes/object-schema': [ '1.2.1' ],
43 silly audit   '@istanbuljs/load-nyc-config': [ '1.1.0' ],
43 silly audit   argparse: [ '1.0.10', '2.0.1' ],
43 silly audit   camelcase: [ '5.3.1', '6.3.0' ],
43 silly audit   'find-up': [ '4.1.0', '2.1.0' ],
43 silly audit   'js-yaml': [ '3.14.1', '4.1.0' ],
43 silly audit   'locate-path': [ '5.0.0', '2.0.0' ],
43 silly audit   'p-limit': [ '2.3.0', '1.3.0' ],
43 silly audit   'p-locate': [ '4.1.0', '2.0.0' ],
43 silly audit   'p-try': [ '2.2.0', '1.0.0' ],
43 silly audit   'path-exists': [ '4.0.0', '3.0.0' ],
43 silly audit   'resolve-from': [ '5.0.0', '4.0.0' ],
43 silly audit   '@istanbuljs/schema': [ '0.1.3' ],
43 silly audit   '@jest/console': [ '28.1.0' ],
43 silly audit   '@jest/core': [ '28.1.0' ],
43 silly audit   'ci-info': [ '3.3.1', '2.0.0' ],
43 silly audit   '@jest/environment': [ '28.1.0' ],
43 silly audit   '@jest/expect': [ '28.1.0' ],
43 silly audit   '@jest/expect-utils': [ '28.1.0' ],
43 silly audit   '@jest/fake-timers': [ '28.1.0' ],
43 silly audit   '@jest/globals': [ '28.1.0' ],
43 silly audit   '@jest/reporters': [ '28.1.0' ],
43 silly audit   '@jest/schemas': [ '28.0.2' ],
43 silly audit   '@jest/source-map': [ '28.0.2' ],
43 silly audit   '@jest/test-result': [ '28.1.0' ],
43 silly audit   '@jest/test-sequencer': [ '28.1.0' ],
43 silly audit   '@jest/transform': [ '28.1.0' ],
43 silly audit   'write-file-atomic': [ '4.0.1', '3.0.3' ],
43 silly audit   '@jest/types': [ '28.1.0' ],
43 silly audit   '@jridgewell/resolve-uri': [ '3.0.7' ],
43 silly audit   '@jridgewell/set-array': [ '1.1.1' ],
43 silly audit   '@jridgewell/sourcemap-codec': [ '1.4.13' ],
43 silly audit   '@jridgewell/trace-mapping': [ '0.3.13' ],
43 silly audit   '@sideway/address': [ '4.1.4' ],
43 silly audit   '@sideway/formula': [ '3.0.0' ],
43 silly audit   '@sideway/pinpoint': [ '2.0.0' ],
43 silly audit   '@sinclair/typebox': [ '0.23.5' ],
43 silly audit   '@sindresorhus/is': [ '0.14.0' ],
43 silly audit   '@sinonjs/commons': [ '1.8.3' ],
43 silly audit   '@sinonjs/fake-timers': [ '9.1.2' ],
43 silly audit   '@szmarczak/http-timer': [ '1.1.2' ],
43 silly audit   '@types/babel__core': [ '7.1.19' ],
43 silly audit   '@types/babel__generator': [ '7.6.4' ],
43 silly audit   '@types/babel__template': [ '7.4.1' ],
43 silly audit   '@types/babel__traverse': [ '7.17.1' ],
43 silly audit   '@types/graceful-fs': [ '4.1.5' ],
43 silly audit   '@types/istanbul-lib-coverage': [ '2.0.4' ],
43 silly audit   '@types/istanbul-lib-report': [ '3.0.0' ],
43 silly audit   '@types/istanbul-reports': [ '3.0.1' ],
43 silly audit   '@types/json5': [ '0.0.29' ],
43 silly audit   '@types/node': [ '17.0.31' ],
43 silly audit   '@types/prettier': [ '2.6.1' ],
43 silly audit   '@types/stack-utils': [ '2.0.1' ],
43 silly audit   '@types/webidl-conversions': [ '6.1.1' ],
43 silly audit   '@types/whatwg-url': [ '8.2.1' ],
43 silly audit   '@types/yargs': [ '17.0.10' ],
43 silly audit   '@types/yargs-parser': [ '21.0.0' ],
43 silly audit   abbrev: [ '1.1.1' ],
43 silly audit   accepts: [ '1.3.8' ],
43 silly audit   acorn: [ '8.7.1' ],
43 silly audit   'acorn-jsx': [ '5.3.2' ],
43 silly audit   ajv: [ '6.12.6' ],
43 silly audit   'ansi-align': [ '3.0.1' ],
43 silly audit   'ansi-colors': [ '4.1.3' ],
43 silly audit   'ansi-escapes': [ '4.3.2' ],
43 silly audit   'type-fest': [ '0.21.3', '0.20.2' ],
43 silly audit   'ansi-regex': [ '5.0.1' ],
43 silly audit   anymatch: [ '3.1.2' ],
43 silly audit   'array-flatten': [ '1.1.1' ],
43 silly audit   'array-includes': [ '3.1.5' ],
43 silly audit   'array.prototype.flat': [ '1.3.0' ],
43 silly audit   async: [ '3.2.3' ],
43 silly audit   'babel-jest': [ '28.1.0' ],
43 silly audit   'babel-plugin-istanbul': [ '6.1.1' ],
43 silly audit   'babel-plugin-jest-hoist': [ '28.0.2' ],
43 silly audit   'babel-preset-current-node-syntax': [ '1.0.1' ],
43 silly audit   'babel-preset-jest': [ '28.0.2' ],
43 silly audit   'balanced-match': [ '1.0.2' ],
43 silly audit   'base64-js': [ '1.5.1' ],
43 silly audit   bcryptjs: [ '2.4.3' ],
43 silly audit   'binary-extensions': [ '2.2.0' ],
43 silly audit   'body-parser': [ '1.20.0' ],
43 silly audit   debug: [ '2.6.9', '4.3.4', '3.2.7' ],
43 silly audit   ms: [ '2.0.0', '2.1.3', '2.1.2' ],
43 silly audit   boxen: [ '5.1.2' ],
43 silly audit   'brace-expansion': [ '1.1.11' ],
43 silly audit   braces: [ '3.0.2' ],
43 silly audit   browserslist: [ '4.20.3' ],
43 silly audit   bser: [ '2.1.1' ],
43 silly audit   bson: [ '4.6.3' ],
43 silly audit   buffer: [ '5.7.1' ],
43 silly audit   'buffer-equal-constant-time': [ '1.0.1' ],
43 silly audit   'buffer-from': [ '1.1.2' ],
43 silly audit   bytes: [ '3.1.2' ],
43 silly audit   'cacheable-request': [ '6.1.0' ],
43 silly audit   'get-stream': [ '5.2.0', '6.0.1', '4.1.0' ],
43 silly audit   'lowercase-keys': [ '2.0.0', '1.0.1' ],
43 silly audit   'call-bind': [ '1.0.2' ],
43 silly audit   callsites: [ '3.1.0' ],
43 silly audit   'caniuse-lite': [ '1.0.30001342' ],
43 silly audit   celebrate: [ '15.0.1' ],
43 silly audit   'char-regex': [ '1.0.2' ],
43 silly audit   chokidar: [ '3.5.3' ],
43 silly audit   'glob-parent': [ '5.1.2', '6.0.2' ],
43 silly audit   'cjs-module-lexer': [ '1.2.2' ],
43 silly audit   'cli-boxes': [ '2.2.1' ],
43 silly audit   cliui: [ '7.0.4' ],
43 silly audit   'clone-response': [ '1.0.2' ],
43 silly audit   co: [ '4.6.0' ],
43 silly audit   'collect-v8-coverage': [ '1.0.1' ],
43 silly audit   color: [ '3.2.1' ],
43 silly audit   'color-string': [ '1.9.1' ],
43 silly audit   colorspace: [ '1.1.4' ],
43 silly audit   'concat-map': [ '0.0.1' ],
43 silly audit   configstore: [ '5.0.1' ],
43 silly audit   'confusing-browser-globals': [ '1.0.11' ],
43 silly audit   'content-disposition': [ '0.5.4' ],
43 silly audit   'content-type': [ '1.0.4' ],
43 silly audit   'convert-source-map': [ '1.8.0' ],
43 silly audit   'safe-buffer': [ '5.1.2', '5.2.1' ],
43 silly audit   cookie: [ '0.5.0' ],
43 silly audit   'cookie-signature': [ '1.0.6' ],
43 silly audit   'cross-spawn': [ '7.0.3' ],
43 silly audit   'crypto-random-string': [ '2.0.0' ],
43 silly audit   'decompress-response': [ '3.3.0' ],
43 silly audit   dedent: [ '0.7.0' ],
43 silly audit   'deep-extend': [ '0.6.0' ],
43 silly audit   'deep-is': [ '0.1.4' ],
43 silly audit   deepmerge: [ '4.2.2' ],
43 silly audit   'defer-to-connect': [ '1.1.3' ],
43 silly audit   'define-properties': [ '1.1.4' ],
43 silly audit   denque: [ '2.0.1' ],
43 silly audit   depd: [ '2.0.0' ],
43 silly audit   destroy: [ '1.2.0' ],
43 silly audit   'detect-newline': [ '3.1.0' ],
43 silly audit   'diff-sequences': [ '28.0.2' ],
43 silly audit   doctrine: [ '3.0.0', '2.1.0' ],
43 silly audit   'dot-prop': [ '5.3.0' ],
43 silly audit   duplexer3: [ '0.1.4' ],
43 silly audit   'ecdsa-sig-formatter': [ '1.0.11' ],
43 silly audit   'ee-first': [ '1.1.1' ],
43 silly audit   'electron-to-chromium': [ '1.4.137' ],
43 silly audit   emittery: [ '0.10.2' ],
43 silly audit   enabled: [ '2.0.0' ],
43 silly audit   encodeurl: [ '1.0.2' ],
43 silly audit   'end-of-stream': [ '1.4.4' ],
43 silly audit   enquirer: [ '2.3.6' ],
43 silly audit   'error-ex': [ '1.3.2' ],
43 silly audit   'es-abstract': [ '1.19.5' ],
43 silly audit   'es-shim-unscopables': [ '1.0.0' ],
43 silly audit   'es-to-primitive': [ '1.2.1' ],
43 silly audit   escalade: [ '3.1.1' ],
43 silly audit   'escape-goat': [ '2.1.1' ],
43 silly audit   'escape-html': [ '1.0.3' ],
43 silly audit   eslint: [ '8.2.0' ],
43 silly audit   'eslint-config-airbnb-base': [ '15.0.0' ],
43 silly audit   'eslint-import-resolver-node': [ '0.3.6' ],
43 silly audit   'eslint-module-utils': [ '2.7.3' ],
43 silly audit   'eslint-plugin-import': [ '2.25.2' ],
43 silly audit   'eslint-scope': [ '6.0.0' ],
43 silly audit   'eslint-utils': [ '3.0.0' ],
43 silly audit   'eslint-visitor-keys': [ '2.1.0', '3.3.0' ],
43 silly audit   ignore: [ '4.0.6', '5.2.0' ],
43 silly audit   semver: [ '7.3.7', '5.7.1', '6.3.0' ],
43 silly audit   espree: [ '9.3.2' ],
43 silly audit   esprima: [ '4.0.1' ],
43 silly audit   esquery: [ '1.4.0' ],
43 silly audit   esrecurse: [ '4.3.0' ],
43 silly audit   estraverse: [ '5.3.0' ],
43 silly audit   esutils: [ '2.0.3' ],
43 silly audit   etag: [ '1.8.1' ],
43 silly audit   execa: [ '5.1.1' ],
43 silly audit   exit: [ '0.1.2' ],
43 silly audit   expect: [ '28.1.0' ],
43 silly audit   express: [ '4.18.1' ],
43 silly audit   'express-winston': [ '4.2.0' ],
43 silly audit   'fast-deep-equal': [ '3.1.3' ],
43 silly audit   'fast-json-stable-stringify': [ '2.1.0' ],
43 silly audit   'fast-levenshtein': [ '2.0.6' ],
43 silly audit   'fb-watchman': [ '2.0.1' ],
43 silly audit   fecha: [ '4.2.3' ],
43 silly audit   'file-entry-cache': [ '6.0.1' ],
43 silly audit   'fill-range': [ '7.0.1' ],
43 silly audit   finalhandler: [ '1.2.0' ],
43 silly audit   'flat-cache': [ '3.0.4' ],
43 silly audit   flatted: [ '3.2.5' ],
43 silly audit   'fn.name': [ '1.1.0' ],
43 silly audit   forwarded: [ '0.2.0' ],
43 silly audit   fresh: [ '0.5.2' ],
43 silly audit   'fs.realpath': [ '1.0.0' ],
43 silly audit   fsevents: [ '2.3.2' ],
43 silly audit   'function-bind': [ '1.1.1' ],
43 silly audit   'functional-red-black-tree': [ '1.0.1' ],
43 silly audit   gensync: [ '1.0.0-beta.2' ],
43 silly audit   'get-caller-file': [ '2.0.5' ],
43 silly audit   'get-intrinsic': [ '1.1.1' ],
43 silly audit   'get-package-type': [ '0.1.0' ],
43 silly audit   'get-symbol-description': [ '1.0.0' ],
43 silly audit   glob: [ '7.2.0' ],
43 silly audit   'global-dirs': [ '3.0.0' ],
43 silly audit   got: [ '9.6.0' ],
43 silly audit   'graceful-fs': [ '4.2.10' ],
43 silly audit   has: [ '1.0.3' ],
43 silly audit   'has-bigints': [ '1.0.2' ],
43 silly audit   'has-property-descriptors': [ '1.0.0' ],
43 silly audit   'has-symbols': [ '1.0.3' ],
43 silly audit   'has-tostringtag': [ '1.0.0' ],
43 silly audit   'has-yarn': [ '2.1.0' ],
43 silly audit   'html-escaper': [ '2.0.2' ],
43 silly audit   'http-cache-semantics': [ '4.1.0' ],
43 silly audit   'http-errors': [ '2.0.0' ],
43 silly audit   'human-signals': [ '2.1.0' ],
43 silly audit   'iconv-lite': [ '0.4.24' ],
43 silly audit   ieee754: [ '1.2.1' ],
43 silly audit   'ignore-by-default': [ '1.0.1' ],
43 silly audit   'import-fresh': [ '3.3.0' ],
43 silly audit   'import-lazy': [ '2.1.0' ],
43 silly audit   'import-local': [ '3.1.0' ],
43 silly audit   imurmurhash: [ '0.1.4' ],
43 silly audit   inflight: [ '1.0.6' ],
43 silly audit   inherits: [ '2.0.4' ],
43 silly audit   ini: [ '2.0.0', '1.3.8' ],
43 silly audit   'internal-slot': [ '1.0.3' ],
43 silly audit   ip: [ '1.1.5' ],
43 silly audit   'ipaddr.js': [ '1.9.1' ],
43 silly audit   'is-arrayish': [ '0.2.1', '0.3.2' ],
43 silly audit   'is-bigint': [ '1.0.4' ],
43 silly audit   'is-binary-path': [ '2.1.0' ],
43 silly audit   'is-boolean-object': [ '1.1.2' ],
43 silly audit   'is-callable': [ '1.2.4' ],
43 silly audit   'is-ci': [ '2.0.0' ],
43 silly audit   'is-core-module': [ '2.9.0' ],
43 silly audit   'is-date-object': [ '1.0.5' ],
43 silly audit   'is-extglob': [ '2.1.1' ],
43 silly audit   'is-fullwidth-code-point': [ '3.0.0' ],
43 silly audit   'is-generator-fn': [ '2.1.0' ],
43 silly audit   'is-glob': [ '4.0.3' ],
43 silly audit   'is-installed-globally': [ '0.4.0' ],
43 silly audit   'is-negative-zero': [ '2.0.2' ],
43 silly audit   'is-npm': [ '5.0.0' ],
43 silly audit   'is-number': [ '7.0.0' ],
43 silly audit   'is-number-object': [ '1.0.7' ],
43 silly audit   'is-obj': [ '2.0.0' ],
43 silly audit   'is-path-inside': [ '3.0.3' ],
43 silly audit   'is-regex': [ '1.1.4' ],
43 silly audit   'is-shared-array-buffer': [ '1.0.2' ],
43 silly audit   'is-stream': [ '2.0.1' ],
43 silly audit   'is-string': [ '1.0.7' ],
43 silly audit   'is-symbol': [ '1.0.4' ],
43 silly audit   'is-typedarray': [ '1.0.0' ],
43 silly audit   'is-weakref': [ '1.0.2' ],
43 silly audit   'is-yarn-global': [ '0.3.0' ],
43 silly audit   isexe: [ '2.0.0' ],
43 silly audit   'istanbul-lib-coverage': [ '3.2.0' ],
43 silly audit   'istanbul-lib-instrument': [ '5.2.0' ],
43 silly audit   'istanbul-lib-report': [ '3.0.0' ],
43 silly audit   'istanbul-lib-source-maps': [ '4.0.1' ],
43 silly audit   'istanbul-reports': [ '3.1.4' ],
43 silly audit   jest: [ '28.1.0' ],
43 silly audit   'jest-changed-files': [ '28.0.2' ],
43 silly audit   'jest-circus': [ '28.1.0' ],
43 silly audit   'jest-cli': [ '28.1.0' ],
43 silly audit   'jest-config': [ '28.1.0' ],
43 silly audit   'jest-diff': [ '28.1.0' ],
43 silly audit   'jest-docblock': [ '28.0.2' ],
43 silly audit   'jest-each': [ '28.1.0' ],
43 silly audit   'jest-environment-node': [ '28.1.0' ],
43 silly audit   'jest-get-type': [ '28.0.2' ],
43 silly audit   'jest-haste-map': [ '28.1.0' ],
43 silly audit   'jest-leak-detector': [ '28.1.0' ],
43 silly audit   'jest-matcher-utils': [ '28.1.0' ],
43 silly audit   'jest-message-util': [ '28.1.0' ],
43 silly audit   'jest-mock': [ '28.1.0' ],
43 silly audit   'jest-pnp-resolver': [ '1.2.2' ],
43 silly audit   'jest-regex-util': [ '28.0.2' ],
43 silly audit   'jest-resolve': [ '28.1.0' ],
43 silly audit   'jest-resolve-dependencies': [ '28.1.0' ],
43 silly audit   'jest-runner': [ '28.1.0' ],
43 silly audit   'jest-runtime': [ '28.1.0' ],
43 silly audit   'strip-bom': [ '4.0.0', '3.0.0' ],
43 silly audit   'jest-snapshot': [ '28.1.0' ],
43 silly audit   'jest-util': [ '28.1.0' ],
43 silly audit   'jest-validate': [ '28.1.0' ],
43 silly audit   'jest-watcher': [ '28.1.0' ],
43 silly audit   'jest-worker': [ '28.1.0' ],
43 silly audit   joi: [ '17.6.0' ],
43 silly audit   'js-tokens': [ '4.0.0' ],
43 silly audit   jsesc: [ '2.5.2' ],
43 silly audit   'json-buffer': [ '3.0.0' ],
43 silly audit   'json-parse-even-better-errors': [ '2.3.1' ],
43 silly audit   'json-schema-traverse': [ '0.4.1' ],
43 silly audit   'json-stable-stringify-without-jsonify': [ '1.0.1' ],
43 silly audit   jsonwebtoken: [ '8.5.1' ],
43 silly audit   jwa: [ '1.4.1' ],
43 silly audit   jws: [ '3.2.2' ],
43 silly audit   kareem: [ '2.3.5' ],
43 silly audit   keyv: [ '3.1.0' ],
43 silly audit   kleur: [ '3.0.3' ],
43 silly audit   kuler: [ '2.0.0' ],
43 silly audit   'latest-version': [ '5.1.0' ],
43 silly audit   leven: [ '3.1.0' ],
43 silly audit   levn: [ '0.4.1' ],
43 silly audit   'lines-and-columns': [ '1.2.4' ],
43 silly audit   lodash: [ '4.17.21' ],
43 silly audit   'lodash.includes': [ '4.3.0' ],
43 silly audit   'lodash.isboolean': [ '3.0.3' ],
43 silly audit   'lodash.isinteger': [ '4.0.4' ],
43 silly audit   'lodash.isnumber': [ '3.0.3' ],
43 silly audit   'lodash.isplainobject': [ '4.0.6' ],
43 silly audit   'lodash.isstring': [ '4.0.1' ],
43 silly audit   'lodash.merge': [ '4.6.2' ],
43 silly audit   'lodash.once': [ '4.1.1' ],
43 silly audit   logform: [ '2.4.0' ],
43 silly audit   'lru-cache': [ '6.0.0' ],
43 silly audit   'make-dir': [ '3.1.0' ],
43 silly audit   makeerror: [ '1.0.12' ],
43 silly audit   'media-typer': [ '0.3.0' ],
43 silly audit   'memory-pager': [ '1.5.0' ],
43 silly audit   'merge-descriptors': [ '1.0.1' ],
43 silly audit   'merge-stream': [ '2.0.0' ],
43 silly audit   methods: [ '1.1.2' ],
43 silly audit   micromatch: [ '4.0.5' ],
43 silly audit   mime: [ '1.6.0' ],
43 silly audit   'mime-db': [ '1.52.0' ],
43 silly audit   'mime-types': [ '2.1.35' ],
43 silly audit   'mimic-fn': [ '2.1.0' ],
43 silly audit   'mimic-response': [ '1.0.1' ],
43 silly audit   minimatch: [ '3.1.2' ],
43 silly audit   minimist: [ '1.2.6' ],
43 silly audit   mongodb: [ '4.5.0' ],
43 silly audit   'mongodb-connection-string-url': [ '2.5.2' ],
43 silly audit   mongoose: [ '6.3.2' ],
43 silly audit   mpath: [ '0.9.0' ],
43 silly audit   mquery: [ '4.0.2' ],
43 silly audit   'natural-compare': [ '1.4.0' ],
43 silly audit   negotiator: [ '0.6.3' ],
43 silly audit   'node-int64': [ '0.4.0' ],
43 silly audit   'node-releases': [ '2.0.5' ],
43 silly audit   nodemon: [ '2.0.16' ],
43 silly audit   nopt: [ '1.0.10' ],
43 silly audit   'normalize-path': [ '3.0.0' ],
43 silly audit   'normalize-url': [ '4.5.1' ],
43 silly audit   'npm-run-path': [ '4.0.1' ],
43 silly audit   'object-inspect': [ '1.12.0' ],
43 silly audit   'object-keys': [ '1.1.1' ],
43 silly audit   'object.assign': [ '4.1.2' ],
43 silly audit   'object.entries': [ '1.1.5' ],
43 silly audit   'object.values': [ '1.1.5' ],
43 silly audit   'on-finished': [ '2.4.1' ],
43 silly audit   once: [ '1.4.0' ],
43 silly audit   'one-time': [ '1.0.0' ],
43 silly audit   onetime: [ '5.1.2' ],
43 silly audit   optionator: [ '0.9.1' ],
43 silly audit   'p-cancelable': [ '1.1.0' ],
43 silly audit   'package-json': [ '6.5.0' ],
43 silly audit   'parent-module': [ '1.0.1' ],
43 silly audit   'parse-json': [ '5.2.0' ],
43 silly audit   parseurl: [ '1.3.3' ],
43 silly audit   'path-is-absolute': [ '1.0.1' ],
43 silly audit   'path-key': [ '3.1.1' ],
43 silly audit   'path-parse': [ '1.0.7' ],
43 silly audit   'path-to-regexp': [ '0.1.7' ],
43 silly audit   picocolors: [ '1.0.0' ],
43 silly audit   picomatch: [ '2.3.1' ],
43 silly audit   pirates: [ '4.0.5' ],
43 silly audit   'pkg-dir': [ '4.2.0' ],
43 silly audit   'prelude-ls': [ '1.2.1' ],
43 silly audit   'prepend-http': [ '2.0.0' ],
43 silly audit   'pretty-format': [ '28.1.0' ],
43 silly audit   progress: [ '2.0.3' ],
43 silly audit   prompts: [ '2.4.2' ],
43 silly audit   'proxy-addr': [ '2.0.7' ],
43 silly audit   'pstree.remy': [ '1.1.8' ],
43 silly audit   pump: [ '3.0.0' ],
43 silly audit   punycode: [ '2.1.1' ],
43 silly audit   pupa: [ '2.1.1' ],
43 silly audit   qs: [ '6.10.3' ],
43 silly audit   'range-parser': [ '1.2.1' ],
43 silly audit   'raw-body': [ '2.5.1' ],
43 silly audit   rc: [ '1.2.8' ],
43 silly audit   'strip-json-comments': [ '2.0.1', '3.1.1' ],
43 silly audit   'react-is': [ '18.1.0' ],
43 silly audit   'readable-stream': [ '3.6.0' ],
43 silly audit   readdirp: [ '3.6.0' ],
43 silly audit   regexpp: [ '3.2.0' ],
43 silly audit   'registry-auth-token': [ '4.2.1' ],
43 silly audit   'registry-url': [ '5.1.0' ],
43 silly audit   'require-directory': [ '2.1.1' ],
43 silly audit   resolve: [ '1.22.0' ],
43 silly audit   'resolve-cwd': [ '3.0.0' ],
43 silly audit   'resolve.exports': [ '1.1.0' ],
43 silly audit   responselike: [ '1.0.2' ],
43 silly audit   rimraf: [ '3.0.2' ],
43 silly audit   'safe-stable-stringify': [ '2.3.1' ],
43 silly audit   'safer-buffer': [ '2.1.2' ],
43 silly audit   saslprep: [ '1.0.3' ],
43 silly audit   'semver-diff': [ '3.1.1' ],
43 silly audit   send: [ '0.18.0' ],
43 silly audit   'serve-static': [ '1.15.0' ],
43 silly audit   setprototypeof: [ '1.2.0' ],
43 silly audit   'shebang-command': [ '2.0.0' ],
43 silly audit   'shebang-regex': [ '3.0.0' ],
43 silly audit   'side-channel': [ '1.0.4' ],
43 silly audit   sift: [ '16.0.0' ],
43 silly audit   'signal-exit': [ '3.0.7' ],
43 silly audit   'simple-swizzle': [ '0.2.2' ],
43 silly audit   sisteransi: [ '1.0.5' ],
43 silly audit   slash: [ '3.0.0' ],
43 silly audit   'smart-buffer': [ '4.2.0' ],
43 silly audit   socks: [ '2.6.2' ],
43 silly audit   'source-map': [ '0.6.1' ],
43 silly audit   'source-map-support': [ '0.5.13' ],
43 silly audit   'sparse-bitfield': [ '3.0.3' ],
43 silly audit   'sprintf-js': [ '1.0.3' ],
43 silly audit   'stack-trace': [ '0.0.10' ],
43 silly audit   'stack-utils': [ '2.0.5' ],
43 silly audit   statuses: [ '2.0.1' ],
43 silly audit   string_decoder: [ '1.3.0' ],
43 silly audit   'string-length': [ '4.0.2' ],
43 silly audit   'string-width': [ '4.2.3' ],
43 silly audit   'emoji-regex': [ '8.0.0' ],
43 silly audit   'string.prototype.trimend': [ '1.0.5' ],
43 silly audit   'string.prototype.trimstart': [ '1.0.5' ],
43 silly audit   'strip-ansi': [ '6.0.1' ],
43 silly audit   'strip-final-newline': [ '2.0.0' ],
43 silly audit   'supports-hyperlinks': [ '2.2.0' ],
43 silly audit   'supports-preserve-symlinks-flag': [ '1.0.0' ],
43 silly audit   'terminal-link': [ '2.1.1' ],
43 silly audit   'test-exclude': [ '6.0.0' ],
43 silly audit   'text-hex': [ '1.0.0' ],
43 silly audit   'text-table': [ '0.2.0' ],
43 silly audit   throat: [ '6.0.1' ],
43 silly audit   tmpl: [ '1.0.5' ],
43 silly audit   'to-fast-properties': [ '2.0.0' ],
43 silly audit   'to-readable-stream': [ '1.0.0' ],
43 silly audit   'to-regex-range': [ '5.0.1' ],
43 silly audit   toidentifier: [ '1.0.1' ],
43 silly audit   touch: [ '3.1.0' ],
43 silly audit   tr46: [ '3.0.0' ],
43 silly audit   'triple-beam': [ '1.3.0' ],
43 silly audit   'tsconfig-paths': [ '3.14.1' ],
43 silly audit   'type-check': [ '0.4.0' ],
43 silly audit   'type-detect': [ '4.0.8' ],
43 silly audit   'type-is': [ '1.6.18' ],
43 silly audit   'typedarray-to-buffer': [ '3.1.5' ],
43 silly audit   'unbox-primitive': [ '1.0.2' ],
43 silly audit   undefsafe: [ '2.0.5' ],
43 silly audit   'unique-string': [ '2.0.0' ],
43 silly audit   unpipe: [ '1.0.0' ],
43 silly audit   'update-notifier': [ '5.1.0' ],
43 silly audit   'uri-js': [ '4.4.1' ],
43 silly audit   'url-parse-lax': [ '3.0.0' ],
43 silly audit   'util-deprecate': [ '1.0.2' ],
43 silly audit   'utils-merge': [ '1.0.1' ],
43 silly audit   'v8-compile-cache': [ '2.3.0' ],
43 silly audit   'v8-to-istanbul': [ '9.0.0' ],
43 silly audit   validator: [ '13.7.0' ],
43 silly audit   vary: [ '1.1.2' ],
43 silly audit   walker: [ '1.0.8' ],
43 silly audit   'webidl-conversions': [ '7.0.0' ],
43 silly audit   'whatwg-url': [ '11.0.0' ],
43 silly audit   which: [ '2.0.2' ],
43 silly audit   'which-boxed-primitive': [ '1.0.2' ],
43 silly audit   'widest-line': [ '3.1.0' ],
43 silly audit   winston: [ '3.7.2' ],
43 silly audit   'winston-transport': [ '4.5.0' ],
43 silly audit   'word-wrap': [ '1.2.3' ],
43 silly audit   'wrap-ansi': [ '7.0.0' ],
43 silly audit   wrappy: [ '1.0.2' ],
43 silly audit   'xdg-basedir': [ '4.0.0' ],
43 silly audit   y18n: [ '5.0.8' ],
43 silly audit   yallist: [ '4.0.0' ],
43 silly audit   yargs: [ '17.5.1' ],
43 silly audit   'yargs-parser': [ '21.0.1' ]
43 silly audit }
44 verbose reify failed optional dependency /home/gareevk/express-mesto-gha/node_modules/fsevents
45 silly reify mark deleted [ '/home/gareevk/express-mesto-gha/node_modules/fsevents' ]
46 timing reifyNode:node_modules/fsevents Completed in 20ms
47 timing reify:unpack Completed in 20ms
48 timing reify:unretire Completed in 1ms
49 timing build:queue Completed in 4ms
50 timing build:deps Completed in 4ms
51 timing build Completed in 4ms
52 timing reify:build Completed in 4ms
53 timing reify:trash Completed in 1ms
54 timing reify:save Completed in 73ms
55 http fetch POST 200 https://registry.npmjs.org/-/npm/v1/security/advisories/bulk 416ms
56 timing auditReport:getReport Completed in 426ms
57 silly audit report {}
58 timing auditReport:init Completed in 0ms
59 timing reify:audit Completed in 426ms
60 timing reify Completed in 1383ms
61 silly ADD
62 timing command:install Completed in 1394ms
63 verbose exit 0
64 timing npm Completed in 1815ms
65 info ok
